Arguments: 
  /usr/local/bin/node /usr/local/bin/yarn install

PATH: 
  /usr/local/bin:/usr/bin:/bin:/usr/sbin:/sbin:/Users/vitaliypetrenko/work/master-and-resize-master/node_modules/.bin

Yarn version: 
  1.5.1

Node version: 
  10.15.3

Platform: 
  darwin x64

npm manifest: 
  {
    "name": "master-and-resize",
    "version": "1.0.0",
    "description": "",
    "main": "index.js",
    "scripts": {
      "build": "webpack build",
      "test": "echo \"Error: no test specified\" && exit 1"
    },
    "repository": {
      "type": "git",
      "url": "git+https://vitaliypetrenko@bitbucket.org/vitaliypetrenko/master-and-resize.git"
    },
    "author": "Vitaliy Petrenko",
    "license": "ISC",
    "homepage": "https://bitbucket.org/vitaliypetrenko/master-and-resize#readme",
    "dependencies": {
      "babel-cli": "^6.11.4",
      "babel-core": "^6.11.4",
      "babel-loader": "^6.2.4",
      "babel-preset-es2015": "^6.9.0",
      "css-loader": "^0.23.1",
      "file-loader": "^0.9.0",
      "node-sass": "^3.8.0",
      "resolve-url-loader": "^1.6.0",
      "sass-loader": "^4.0.0",
      "style-loader": "^0.13.1",
      "webpack": "^1.13.1"
    }
  }

yarn manifest: 
  No manifest

Lockfile: 
  No lockfile

Trace: 
  Error: /Users/vitaliypetrenko/work/master-and-resize-master/node_modules/node-sass: Command failed.
  Exit code: 1
  Command: sh
  Arguments: -c node scripts/build.js
  Directory: /Users/vitaliypetrenko/work/master-and-resize-master/node_modules/node-sass
  Output:
  Building: /usr/local/bin/node /Users/vitaliypetrenko/work/master-and-resize-master/node_modules/node-gyp/bin/node-gyp.js rebuild --verbose --libsass_ext= --libsass_cflags= --libsass_ldflags= --libsass_library=
  gyp info it worked if it ends with ok
  gyp verb cli [ '/usr/local/bin/node',
  gyp verb cli   '/Users/vitaliypetrenko/work/master-and-resize-master/node_modules/node-gyp/bin/node-gyp.js',
  gyp verb cli   'rebuild',
  gyp verb cli   '--verbose',
  gyp verb cli   '--libsass_ext=',
  gyp verb cli   '--libsass_cflags=',
  gyp verb cli   '--libsass_ldflags=',
  gyp verb cli   '--libsass_library=' ]
  gyp info using node-gyp@3.8.0
  gyp info using node@10.15.3 | darwin | x64
  gyp verb command rebuild []
  gyp verb command clean []
  gyp verb clean removing "build" directory
  gyp verb command configure []
  gyp verb check python checking for Python executable "python2" in the PATH
  gyp verb `which` succeeded python2 /usr/bin/python2
  gyp verb check python version `/usr/bin/python2 -c "import sys; print "2.7.16
  gyp verb check python version .%s.%s" % sys.version_info[:3];"` returned: %j
  gyp verb get node dir no --target version specified, falling back to host node version: 10.15.3
  gyp verb command install [ '10.15.3' ]
  gyp verb install input version string "10.15.3"
  gyp verb install installing version: 10.15.3
  gyp verb install --ensure was passed, so won't reinstall if already installed
  gyp verb install version is already installed, need to check "installVersion"
  gyp verb got "installVersion" 9
  gyp verb needs "installVersion" 9
  gyp verb install version is good
  gyp verb get node dir target node version installed: 10.15.3
  gyp verb build dir attempting to create "build" dir: /Users/vitaliypetrenko/work/master-and-resize-master/node_modules/node-sass/build
  gyp verb build dir "build" dir needed to be created? /Users/vitaliypetrenko/work/master-and-resize-master/node_modules/node-sass/build
  gyp verb build/config.gypi creating config file
  gyp verb build/config.gypi writing out config file: /Users/vitaliypetrenko/work/master-and-resize-master/node_modules/node-sass/build/config.gypi
  gyp verb config.gypi checking for gypi file: /Users/vitaliypetrenko/work/master-and-resize-master/node_modules/node-sass/config.gypi
  gyp verb common.gypi checking for gypi file: /Users/vitaliypetrenko/work/master-and-resize-master/node_modules/node-sass/common.gypi
  gyp verb gyp gyp format was not specified; forcing "make"
  gyp info spawn /usr/bin/python2
  gyp info spawn args [ '/Users/vitaliypetrenko/work/master-and-resize-master/node_modules/node-gyp/gyp/gyp_main.py',
  gyp info spawn args   'binding.gyp',
  gyp info spawn args   '-f',
  gyp info spawn args   'make',
  gyp info spawn args   '-I',
  gyp info spawn args   '/Users/vitaliypetrenko/work/master-and-resize-master/node_modules/node-sass/build/config.gypi',
  gyp info spawn args   '-I',
  gyp info spawn args   '/Users/vitaliypetrenko/work/master-and-resize-master/node_modules/node-gyp/addon.gypi',
  gyp info spawn args   '-I',
  gyp info spawn args   '/Users/vitaliypetrenko/.node-gyp/10.15.3/include/node/common.gypi',
  gyp info spawn args   '-Dlibrary=shared_library',
  gyp info spawn args   '-Dvisibility=default',
  gyp info spawn args   '-Dnode_root_dir=/Users/vitaliypetrenko/.node-gyp/10.15.3',
  gyp info spawn args   '-Dnode_gyp_dir=/Users/vitaliypetrenko/work/master-and-resize-master/node_modules/node-gyp',
  gyp info spawn args   '-Dnode_lib_file=/Users/vitaliypetrenko/.node-gyp/10.15.3/<(target_arch)/node.lib',
  gyp info spawn args   '-Dmodule_root_dir=/Users/vitaliypetrenko/work/master-and-resize-master/node_modules/node-sass',
  gyp info spawn args   '-Dnode_engine=v8',
  gyp info spawn args   '--depth=.',
  gyp info spawn args   '--no-parallel',
  gyp info spawn args   '--generator-output',
  gyp info spawn args   'build',
  gyp info spawn args   '-Goutput_dir=.' ]
  No receipt for 'com.apple.pkg.CLTools_Executables' found at '/'.
  
  No receipt for 'com.apple.pkg.DeveloperToolsCLILeo' found at '/'.
  
  No receipt for 'com.apple.pkg.DeveloperToolsCLI' found at '/'.
  
  gyp: No Xcode or CLT version detected!
  gyp ERR! configure error 
  gyp ERR! stack Error: `gyp` failed with exit code: 1
  gyp ERR! stack     at ChildProcess.onCpExit (/Users/vitaliypetrenko/work/master-and-resize-master/node_modules/node-gyp/lib/configure.js:345:16)
  gyp ERR! stack     at ChildProcess.emit (events.js:189:13)
  gyp ERR! stack     at Process.ChildProcess._handle.onexit (internal/child_process.js:248:12)
  gyp ERR! System Darwin 19.0.0
  gyp ERR! command "/usr/local/bin/node" "/Users/vitaliypetrenko/work/master-and-resize-master/node_modules/node-gyp/bin/node-gyp.js" "rebuild" "--verbose" "--libsass_ext=" "--libsass_cflags=" "--libsass_ldflags=" "--libsass_library="
  gyp ERR! cwd /Users/vitaliypetrenko/work/master-and-resize-master/node_modules/node-sass
  gyp ERR! node -v v10.15.3
  gyp ERR! node-gyp -v v3.8.0
  gyp ERR! not ok 
  Build failed with error code: 1
      at ProcessTermError.MessageError (/usr/local/lib/node_modules/yarn/lib/cli.js:186:110)
      at new ProcessTermError (/usr/local/lib/node_modules/yarn/lib/cli.js:226:113)
      at ChildProcess.<anonymous> (/usr/local/lib/node_modules/yarn/lib/cli.js:30281:17)
      at ChildProcess.emit (events.js:189:13)
      at maybeClose (internal/child_process.js:970:16)
      at Process.ChildProcess._handle.onexit (internal/child_process.js:259:5)
